<?xml version="1.0" encoding="UTF-8"?>
<!-- Generated by org.testng.reporters.JUnitReportReporter -->
<testsuite hostname="BLR1-LHP-N64265" name="abcde.Delhi" tests="1" failures="0" timestamp="30 Sep 2019 18:20:38 GMT" time="11.724" errors="0">
  <testcase name="dog" time="11.724" classname="abcde.Delhi"/>
</testsuite> <!-- abcde.Delhi -->
