<?xml version="1.0" encoding="UTF-8"?>
<!-- Generated by org.testng.reporters.JUnitReportReporter -->
<testsuite hostname="BLR1-LHP-N64265" name="com.test.TestNgFeatures" tests="2" failures="0" timestamp="1 Oct 2019 10:37:29 GMT" time="0.003" errors="0">
  <testcase name="HomePageTest" time="0.002" classname="com.test.TestNgFeatures"/>
  <testcase name="loginTest" time="0.001" classname="com.test.TestNgFeatures"/>
</testsuite> <!-- com.test.TestNgFeatures -->
