<?xml version="1.0" encoding="UTF-8"?>
<!-- Generated by org.testng.reporters.JUnitReportReporter -->
<testsuite hostname="BLR1-LHP-N64265" name="com.test.ExceptionTimeoOutTest" tests="1" failures="0" timestamp="1 Oct 2019 10:37:29 GMT" time="0.009" errors="0">
  <testcase name="test1" time="0.009" classname="com.test.ExceptionTimeoOutTest"/>
</testsuite> <!-- com.test.ExceptionTimeoOutTest -->
