<?xml version="1.0" encoding="UTF-8"?>
<!-- Generated by org.testng.reporters.JUnitReportReporter -->
<testsuite hostname="BLR1-LHP-N64265" name="com.test.InvocationCountTest" tests="1" failures="0" timestamp="1 Oct 2019 10:37:29 GMT" time="0.001" errors="0">
  <testcase name="sum" time="0.001" classname="com.test.InvocationCountTest"/>
</testsuite> <!-- com.test.InvocationCountTest -->
